<?xml version="1.0" encoding="UTF-8"?>
<testng-results ignored="0" total="1" passed="1" failed="0" skipped="0">
  <reporter-output>
  </reporter-output>
  <suite started-at="2022-08-19T10:04:33 EEST" name="Command line suite" finished-at="2022-08-19T10:04:38 EEST" duration-ms="4620">
    <groups>
    </groups>
    <test started-at="2022-08-19T10:04:33 EEST" name="Command line test" finished-at="2022-08-19T10:04:38 EEST" duration-ms="4620">
      <class name="Tests.EpicentrTest">
        <test-method is-config="true" signature="setUp()[pri:0, instance:Tests.EpicentrTest@2145433b]" started-at="2022-08-19T10:04:33 EEST" name="setUp" finished-at="2022-08-19T10:04:35 EEST" duration-ms="1651" status="PASS">
          <reporter-output>
          </reporter-output>
        </test-method> <!-- setUp -->
        <test-method signature="testName()[pri:0, instance:Tests.EpicentrTest@2145433b]" started-at="2022-08-19T10:04:35 EEST" name="testName" finished-at="2022-08-19T10:04:38 EEST" duration-ms="2937" status="PASS">
          <reporter-output>
          </reporter-output>
        </test-method> <!-- testName -->
      </class> <!-- Tests.EpicentrTest -->
    </test> <!-- Command line test -->
  </suite> <!-- Command line suite -->
</testng-results>
